2025-07-21 04:05:41.358  WARN 95089 --- [l-8:housekeeper] c.z.h.p.HikariPool                       : HikariPool-8 - Thread starvation or clock leap detected (housekeeper delta=51m16s774ms).
2025-07-21 05:15:40.692  WARN 95089 --- [l-8:housekeeper] c.z.h.p.HikariPool                       : HikariPool-8 - Thread starvation or clock leap detected (housekeeper delta=1h9m59s335ms).
2025-07-21 06:16:37.898  WARN 95089 --- [l-8:housekeeper] c.z.h.p.HikariPool                       : HikariPool-8 - Thread starvation or clock leap detected (housekeeper delta=1h27s207ms).
2025-07-21 07:07:04.874  WARN 95089 --- [l-8:housekeeper] c.z.h.p.HikariPool                       : HikariPool-8 - Thread starvation or clock leap detected (housekeeper delta=49m56s956ms).
2025-07-21 07:18:05.407  WARN 95089 --- [l-8:housekeeper] c.z.h.p.HikariPool                       : HikariPool-8 - Thread starvation or clock leap detected (housekeeper delta=11m532ms).
2025-07-21 08:05:25.062  WARN 95089 --- [l-8:housekeeper] c.z.h.p.HikariPool                       : HikariPool-8 - Thread starvation or clock leap detected (housekeeper delta=47m19s657ms).
2025-07-21 08:19:02.612  WARN 95089 --- [l-8:housekeeper] c.z.h.p.HikariPool                       : HikariPool-8 - Thread starvation or clock leap detected (housekeeper delta=13m37s548ms).
2025-07-21 08:53:43.080  WARN 95089 --- [l-8:housekeeper] c.z.h.p.HikariPool                       : HikariPool-8 - Thread starvation or clock leap detected (housekeeper delta=34m40s469ms).
2025-07-21 09:20:00.300  WARN 95089 --- [l-8:housekeeper] c.z.h.p.HikariPool                       : HikariPool-8 - Thread starvation or clock leap detected (housekeeper delta=26m17s218ms).
2025-07-21 09:36:19.139  WARN 95089 --- [l-8:housekeeper] c.z.h.p.HikariPool                       : HikariPool-8 - Thread starvation or clock leap detected (housekeeper delta=16m18s841ms).
2025-07-21 10:20:58.009  WARN 95089 --- [l-8:housekeeper] c.z.h.p.HikariPool                       : HikariPool-8 - Thread starvation or clock leap detected (housekeeper delta=44m38s870ms).
2025-07-21 10:37:37.777  WARN 95089 --- [l-8:housekeeper] c.z.h.p.HikariPool                       : HikariPool-8 - Thread starvation or clock leap detected (housekeeper delta=16m39s767ms).
2025-07-21 10:45:28.841  WARN 95089 --- [l-8:housekeeper] c.z.h.p.HikariPool                       : HikariPool-8 - Thread starvation or clock leap detected (housekeeper delta=7m51s64ms).
2025-07-21 11:20:52.196  WARN 95089 --- [l-8:housekeeper] c.z.h.p.HikariPool                       : HikariPool-8 - Thread starvation or clock leap detected (housekeeper delta=35m23s355ms).
2025-07-21 11:24:58.829  WARN 95089 --- [l-8:housekeeper] c.z.h.p.HikariPool                       : HikariPool-8 - Thread starvation or clock leap detected (housekeeper delta=4m6s634ms).
2025-07-21 11:37:40.133  WARN 95089 --- [l-8:housekeeper] c.z.h.p.HikariPool                       : HikariPool-8 - Thread starvation or clock leap detected (housekeeper delta=12m41s304ms).
2025-07-21 11:41:13.814  WARN 95089 --- [l-8:housekeeper] c.z.h.p.HikariPool                       : HikariPool-8 - Thread starvation or clock leap detected (housekeeper delta=3m3s670ms).
2025-07-21 12:12:06.751  WARN 95089 --- [l-8:housekeeper] c.z.h.p.HikariPool                       : HikariPool-8 - Thread starvation or clock leap detected (housekeeper delta=29m52s836ms).
2025-07-21 12:13:22.854  WARN 95089 --- [l-8:housekeeper] c.z.h.p.HikariPool                       : HikariPool-8 - Thread starvation or clock leap detected (housekeeper delta=46s99ms).
2025-07-21 12:21:59.479  WARN 95089 --- [l-8:housekeeper] c.z.h.p.HikariPool                       : HikariPool-8 - Thread starvation or clock leap detected (housekeeper delta=8m36s625ms).
2025-07-21 12:56:56.363  WARN 95089 --- [l-8:housekeeper] c.z.h.p.HikariPool                       : HikariPool-8 - Thread starvation or clock leap detected (housekeeper delta=34m26s862ms).
2025-07-21 13:00:02.187  WARN 95089 --- [l-8:housekeeper] c.z.h.p.HikariPool                       : HikariPool-8 - Thread starvation or clock leap detected (housekeeper delta=54s61ms).
2025-07-21 13:03:53.945  WARN 95089 --- [l-8:housekeeper] c.z.h.p.HikariPool                       : HikariPool-8 - Thread starvation or clock leap detected (housekeeper delta=3m51s758ms).
2025-07-21 13:20:36.311  WARN 95089 --- [l-8:housekeeper] c.z.h.p.HikariPool                       : HikariPool-8 - Thread starvation or clock leap detected (housekeeper delta=15m39s874ms).
2025-07-21 13:23:08.206  WARN 95089 --- [l-8:housekeeper] c.z.h.p.HikariPool                       : HikariPool-8 - Thread starvation or clock leap detected (housekeeper delta=2m1s914ms).
2025-07-21 13:39:33.513  WARN 95089 --- [l-8:housekeeper] c.z.h.p.HikariPool                       : HikariPool-8 - Thread starvation or clock leap detected (housekeeper delta=15m55s296ms).
2025-07-21 13:42:44.182  WARN 95089 --- [l-8:housekeeper] c.z.h.p.HikariPool                       : HikariPool-8 - Thread starvation or clock leap detected (housekeeper delta=3m10s669ms).
2025-07-21 13:53:00.970  WARN 95089 --- [l-8:housekeeper] c.z.h.p.HikariPool                       : HikariPool-8 - Thread starvation or clock leap detected (housekeeper delta=8m6s120ms).
2025-07-21 13:55:36.796  WARN 95089 --- [l-8:housekeeper] c.z.h.p.HikariPool                       : HikariPool-8 - Thread starvation or clock leap detected (housekeeper delta=2m35s826ms).
2025-07-21 13:57:02.239  WARN 95089 --- [l-8:housekeeper] c.z.h.p.HikariPool                       : HikariPool-8 - Thread starvation or clock leap detected (housekeeper delta=55s427ms).
2025-07-21 14:32:02.999  INFO 95089 --- [   File Watcher] rtingClassPathChangeChangedEventListener : Restarting due to 2 class path changes (0 additions, 2 deletions, 0 modifications)
2025-07-21 14:32:03.058  INFO 95089 --- [      Thread-31] o.s.b.w.e.t.GracefulShutdown             : Commencing graceful shutdown. Waiting for active requests to complete
2025-07-21 14:32:03.066  INFO 95089 --- [tomcat-shutdown] o.a.c.h.Http11NioProtocol                : Pausing ProtocolHandler ["http-nio-8080"]
2025-07-21 14:32:03.072  INFO 95089 --- [tomcat-shutdown] o.s.b.w.e.t.GracefulShutdown             : Graceful shutdown complete
2025-07-21 14:32:03.073  INFO 95089 --- [      Thread-31] o.a.c.h.Http11NioProtocol                : Stopping ProtocolHandler ["http-nio-8080"]
2025-07-21 14:32:03.145  INFO 95089 --- [      Thread-31] j.LocalContainerEntityManagerFactoryBean : Closing JPA EntityManagerFactory for persistence unit 'default'
2025-07-21 14:32:03.176  INFO 95089 --- [      Thread-31] c.z.h.HikariDataSource                   : HikariPool-8 - Shutdown initiated...
2025-07-21 14:32:03.185  INFO 95089 --- [      Thread-31] c.z.h.HikariDataSource                   : HikariPool-8 - Shutdown completed.
2025-07-21 14:32:03.563  INFO 95089 --- [  restartedMain] c.h.s.ShopApplicationKt                  : Starting ShopApplicationKt using Java 21.0.7 with PID 95089 (/Users/jeffrey/Desktop/shop/build/classes/kotlin/main started by jeffrey in /Users/jeffrey/Desktop/shop)
2025-07-21 14:32:03.563 DEBUG 95089 --- [  restartedMain] c.h.s.ShopApplicationKt                  : Running with Spring Boot v3.5.3, Spring v6.2.8
2025-07-21 14:32:03.564  INFO 95089 --- [  restartedMain] c.h.s.ShopApplicationKt                  : No active profile set, falling back to 1 default profile: "default"
2025-07-21 14:32:04.132  INFO 95089 --- [  restartedMain] .s.d.r.c.RepositoryConfigurationDelegate : Multiple Spring Data modules found, entering strict repository configuration mode
2025-07-21 14:32:04.132  INFO 95089 --- [  restartedMain] .s.d.r.c.RepositoryConfigurationDelegate : Bootstrapping Spring Data JDBC repositories in DEFAULT mode.
2025-07-21 14:32:04.162  INFO 95089 --- [  restartedMain] .RepositoryConfigurationExtensionSupport : Spring Data JDBC - Could not safely identify store assignment for repository candidate interface com.haco.shop.modules.member.infrastructure.repositories.MemberRepository; If you want this repository to be a JDBC repository, consider annotating your entities with one of these annotations: org.springframework.data.relational.core.mapping.Table.
2025-07-21 14:32:04.162  INFO 95089 --- [  restartedMain] .s.d.r.c.RepositoryConfigurationDelegate : Finished Spring Data repository scanning in 29 ms. Found 0 JDBC repository interfaces.
2025-07-21 14:32:04.165  INFO 95089 --- [  restartedMain] .s.d.r.c.RepositoryConfigurationDelegate : Multiple Spring Data modules found, entering strict repository configuration mode
2025-07-21 14:32:04.165  INFO 95089 --- [  restartedMain] .s.d.r.c.RepositoryConfigurationDelegate : Bootstrapping Spring Data JPA repositories in DEFAULT mode.
2025-07-21 14:32:04.173  INFO 95089 --- [  restartedMain] .s.d.r.c.RepositoryConfigurationDelegate : Finished Spring Data repository scanning in 7 ms. Found 1 JPA repository interface.
2025-07-21 14:32:04.175  INFO 95089 --- [  restartedMain] .s.d.r.c.RepositoryConfigurationDelegate : Multiple Spring Data modules found, entering strict repository configuration mode
2025-07-21 14:32:04.175  INFO 95089 --- [  restartedMain] .s.d.r.c.RepositoryConfigurationDelegate : Bootstrapping Spring Data Redis repositories in DEFAULT mode.
2025-07-21 14:32:04.178  INFO 95089 --- [  restartedMain] .RepositoryConfigurationExtensionSupport : Spring Data Redis - Could not safely identify store assignment for repository candidate interface com.haco.shop.modules.member.infrastructure.repositories.MemberRepository; If you want this repository to be a Redis repository, consider annotating your entities with one of these annotations: org.springframework.data.redis.core.RedisHash (preferred), or consider extending one of the following types with your repository: org.springframework.data.keyvalue.repository.KeyValueRepository
2025-07-21 14:32:04.178  INFO 95089 --- [  restartedMain] .s.d.r.c.RepositoryConfigurationDelegate : Finished Spring Data repository scanning in 2 ms. Found 0 Redis repository interfaces.
2025-07-21 14:32:04.333  INFO 95089 --- [  restartedMain] o.s.b.w.e.t.TomcatWebServer              : Tomcat initialized with port 8080 (http)
2025-07-21 14:32:04.335  INFO 95089 --- [  restartedMain] o.a.c.h.Http11NioProtocol                : Initializing ProtocolHandler ["http-nio-8080"]
2025-07-21 14:32:04.335  INFO 95089 --- [  restartedMain] o.a.c.c.StandardService                  : Starting service [Tomcat]
2025-07-21 14:32:04.336  INFO 95089 --- [  restartedMain] o.a.c.c.StandardEngine                   : Starting Servlet engine: [Apache Tomcat/10.1.42]
2025-07-21 14:32:04.350  INFO 95089 --- [  restartedMain] o.a.c.c.C.[.[.[/]                        : Initializing Spring embedded WebApplicationContext
2025-07-21 14:32:04.350  INFO 95089 --- [  restartedMain] w.s.c.ServletWebServerApplicationContext : Root WebApplicationContext: initialization completed in 783 ms
2025-07-21 14:32:04.395 DEBUG 95089 --- [  restartedMain] c.h.s.i.u.j.JwtAuthenticationFilter      : Filter 'jwtAuthenticationFilter' configured for use
2025-07-21 14:32:04.396 DEBUG 95089 --- [  restartedMain] o.s.w.f.ServerHttpObservationFilter      : Filter 'webMvcObservationFilter' configured for use
2025-07-21 14:32:04.420  INFO 95089 --- [  restartedMain] o.h.j.i.u.LogHelper                      : HHH000204: Processing PersistenceUnitInfo [name: default]
2025-07-21 14:32:04.422  INFO 95089 --- [  restartedMain] o.h.c.i.RegionFactoryInitiator           : HHH000026: Second-level cache disabled
2025-07-21 14:32:04.430  INFO 95089 --- [  restartedMain] o.s.o.j.p.SpringPersistenceUnitInfo      : No LoadTimeWeaver setup: ignoring JPA class transformer
2025-07-21 14:32:04.431  INFO 95089 --- [  restartedMain] c.z.h.HikariDataSource                   : HikariPool-9 - Starting...
2025-07-21 14:32:04.457  INFO 95089 --- [  restartedMain] c.z.h.p.HikariPool                       : HikariPool-9 - Added connection com.mysql.cj.jdbc.ConnectionImpl@47fa8f6f
2025-07-21 14:32:04.458  INFO 95089 --- [  restartedMain] c.z.h.HikariDataSource                   : HikariPool-9 - Start completed.
2025-07-21 14:32:04.460  WARN 95089 --- [  restartedMain] o.h.o.deprecation                        : HHH90000025: MySQLDialect does not need to be specified explicitly using 'hibernate.dialect' (remove the property setting and it will be selected by default)
2025-07-21 14:32:04.460  INFO 95089 --- [  restartedMain] o.h.o.c.pooling                          : HHH10001005: Database info:
	Database JDBC URL [Connecting through datasource 'HikariDataSource (HikariPool-9)']
	Database driver: undefined/unknown
	Database version: 8.0.42
	Autocommit mode: undefined/unknown
	Isolation level: undefined/unknown
	Minimum pool size: undefined/unknown
	Maximum pool size: undefined/unknown
2025-07-21 14:32:04.489  INFO 95089 --- [  restartedMain] o.h.e.t.j.p.i.JtaPlatformInitiator       : HHH000489: No JTA platform available (set 'hibernate.transaction.jta.platform' to enable JTA platform integration)
2025-07-21 14:32:04.624  INFO 95089 --- [  restartedMain] j.LocalContainerEntityManagerFactoryBean : Initialized JPA EntityManagerFactory for persistence unit 'default'
2025-07-21 14:32:04.767  INFO 95089 --- [  restartedMain] o.r.Version                              : Redisson 3.24.3
2025-07-21 14:32:04.797  INFO 95089 --- [sson-netty-26-7] o.r.c.p.MasterPubSubConnectionPool       : 1 connections initialized for localhost/127.0.0.1:6379
2025-07-21 14:32:04.840  INFO 95089 --- [son-netty-26-24] o.r.c.p.MasterConnectionPool             : 10 connections initialized for localhost/127.0.0.1:6379
2025-07-21 14:32:05.069  WARN 95089 --- [  restartedMain] JpaBaseConfiguration$JpaWebConfiguration : spring.jpa.open-in-view is enabled by default. Therefore, database queries may be performed during view rendering. Explicitly configure spring.jpa.open-in-view to disable this warning
2025-07-21 14:32:05.103 DEBUG 95089 --- [  restartedMain] s.w.s.m.m.a.RequestMappingHandlerMapping : 17 mappings in 'requestMappingHandlerMapping'
2025-07-21 14:32:05.139 DEBUG 95089 --- [  restartedMain] o.s.w.s.h.SimpleUrlHandlerMapping        : Patterns [/webjars/**, /**, /swagger-ui*/*swagger-initializer.js, /swagger-ui*/**] in 'resourceHandlerMapping'
2025-07-21 14:32:05.188  INFO 95089 --- [  restartedMain] o.s.b.a.e.w.EndpointLinksResolver        : Exposing 1 endpoint beneath base path '/actuator'
2025-07-21 14:32:05.202 DEBUG 95089 --- [  restartedMain] swordEncoderAuthenticationManagerBuilder : No authenticationProviders and no parentAuthenticationManager defined. Returning null.
2025-07-21 14:32:05.219 DEBUG 95089 --- [  restartedMain] o.s.s.w.DefaultSecurityFilterChain       : Will secure any request with filters: DisableEncodeUrlFilter, WebAsyncManagerIntegrationFilter, SecurityContextHolderFilter, HeaderWriterFilter, CorsFilter, LogoutFilter, JwtAuthenticationFilter, RequestCacheAwareFilter, SecurityContextHolderAwareRequestFilter, AnonymousAuthenticationFilter, SessionManagementFilter, ExceptionTranslationFilter, AuthorizationFilter
2025-07-21 14:32:05.239 DEBUG 95089 --- [  restartedMain] s.w.s.m.m.a.RequestMappingHandlerAdapter : ControllerAdvice beans: 0 @ModelAttribute, 0 @InitBinder, 1 RequestBodyAdvice, 1 ResponseBodyAdvice
2025-07-21 14:32:05.258 DEBUG 95089 --- [  restartedMain] .m.m.a.ExceptionHandlerExceptionResolver : ControllerAdvice beans: 1 @ExceptionHandler, 1 ResponseBodyAdvice
2025-07-21 14:32:05.387  INFO 95089 --- [  restartedMain] o.s.b.d.a.OptionalLiveReloadServer       : LiveReload server is running on port 35729
2025-07-21 14:32:05.436  INFO 95089 --- [  restartedMain] o.a.c.h.Http11NioProtocol                : Starting ProtocolHandler ["http-nio-8080"]
2025-07-21 14:32:05.437  INFO 95089 --- [  restartedMain] o.s.b.w.e.t.TomcatWebServer              : Tomcat started on port 8080 (http) with context path '/'
2025-07-21 14:32:05.444  INFO 95089 --- [  restartedMain] c.h.s.ShopApplicationKt                  : Started ShopApplicationKt in 1.967 seconds (process running for 52270.04)
2025-07-21 14:32:05.446  INFO 95089 --- [  restartedMain] .ConditionEvaluationDeltaLoggingListener : Condition evaluation unchanged
2025-07-21 14:32:06.823  INFO 95089 --- [   File Watcher] rtingClassPathChangeChangedEventListener : Restarting due to 2 class path changes (2 additions, 0 deletions, 0 modifications)
2025-07-21 14:32:06.849  INFO 95089 --- [      Thread-35] o.s.b.w.e.t.GracefulShutdown             : Commencing graceful shutdown. Waiting for active requests to complete
2025-07-21 14:32:06.851  INFO 95089 --- [tomcat-shutdown] o.a.c.h.Http11NioProtocol                : Pausing ProtocolHandler ["http-nio-8080"]
2025-07-21 14:32:06.858  INFO 95089 --- [tomcat-shutdown] o.s.b.w.e.t.GracefulShutdown             : Graceful shutdown complete
2025-07-21 14:32:06.860  INFO 95089 --- [      Thread-35] o.a.c.h.Http11NioProtocol                : Stopping ProtocolHandler ["http-nio-8080"]
2025-07-21 14:32:06.912  INFO 95089 --- [      Thread-35] j.LocalContainerEntityManagerFactoryBean : Closing JPA EntityManagerFactory for persistence unit 'default'
2025-07-21 14:32:06.925  INFO 95089 --- [      Thread-35] c.z.h.HikariDataSource                   : HikariPool-9 - Shutdown initiated...
2025-07-21 14:32:06.932  INFO 95089 --- [      Thread-35] c.z.h.HikariDataSource                   : HikariPool-9 - Shutdown completed.
2025-07-21 14:32:07.127  INFO 95089 --- [  restartedMain] c.h.s.ShopApplicationKt                  : Starting ShopApplicationKt using Java 21.0.7 with PID 95089 (/Users/jeffrey/Desktop/shop/build/classes/kotlin/main started by jeffrey in /Users/jeffrey/Desktop/shop)
2025-07-21 14:32:07.128 DEBUG 95089 --- [  restartedMain] c.h.s.ShopApplicationKt                  : Running with Spring Boot v3.5.3, Spring v6.2.8
2025-07-21 14:32:07.128  INFO 95089 --- [  restartedMain] c.h.s.ShopApplicationKt                  : No active profile set, falling back to 1 default profile: "default"
2025-07-21 14:32:07.387  INFO 95089 --- [  restartedMain] .s.d.r.c.RepositoryConfigurationDelegate : Multiple Spring Data modules found, entering strict repository configuration mode
2025-07-21 14:32:07.388  INFO 95089 --- [  restartedMain] .s.d.r.c.RepositoryConfigurationDelegate : Bootstrapping Spring Data JDBC repositories in DEFAULT mode.
2025-07-21 14:32:07.398  INFO 95089 --- [  restartedMain] .RepositoryConfigurationExtensionSupport : Spring Data JDBC - Could not safely identify store assignment for repository candidate interface com.haco.shop.modules.member.infrastructure.repositories.MemberRepository; If you want this repository to be a JDBC repository, consider annotating your entities with one of these annotations: org.springframework.data.relational.core.mapping.Table.
2025-07-21 14:32:07.398  INFO 95089 --- [  restartedMain] .s.d.r.c.RepositoryConfigurationDelegate : Finished Spring Data repository scanning in 9 ms. Found 0 JDBC repository interfaces.
2025-07-21 14:32:07.400  INFO 95089 --- [  restartedMain] .s.d.r.c.RepositoryConfigurationDelegate : Multiple Spring Data modules found, entering strict repository configuration mode
2025-07-21 14:32:07.400  INFO 95089 --- [  restartedMain] .s.d.r.c.RepositoryConfigurationDelegate : Bootstrapping Spring Data JPA repositories in DEFAULT mode.
2025-07-21 14:32:07.408  INFO 95089 --- [  restartedMain] .s.d.r.c.RepositoryConfigurationDelegate : Finished Spring Data repository scanning in 7 ms. Found 1 JPA repository interface.
2025-07-21 14:32:07.410  INFO 95089 --- [  restartedMain] .s.d.r.c.RepositoryConfigurationDelegate : Multiple Spring Data modules found, entering strict repository configuration mode
2025-07-21 14:32:07.410  INFO 95089 --- [  restartedMain] .s.d.r.c.RepositoryConfigurationDelegate : Bootstrapping Spring Data Redis repositories in DEFAULT mode.
2025-07-21 14:32:07.416  INFO 95089 --- [  restartedMain] .RepositoryConfigurationExtensionSupport : Spring Data Redis - Could not safely identify store assignment for repository candidate interface com.haco.shop.modules.member.infrastructure.repositories.MemberRepository; If you want this repository to be a Redis repository, consider annotating your entities with one of these annotations: org.springframework.data.redis.core.RedisHash (preferred), or consider extending one of the following types with your repository: org.springframework.data.keyvalue.repository.KeyValueRepository
2025-07-21 14:32:07.416  INFO 95089 --- [  restartedMain] .s.d.r.c.RepositoryConfigurationDelegate : Finished Spring Data repository scanning in 4 ms. Found 0 Redis repository interfaces.
2025-07-21 14:32:07.520  INFO 95089 --- [  restartedMain] o.s.b.w.e.t.TomcatWebServer              : Tomcat initialized with port 8080 (http)
2025-07-21 14:32:07.521  INFO 95089 --- [  restartedMain] o.a.c.h.Http11NioProtocol                : Initializing ProtocolHandler ["http-nio-8080"]
2025-07-21 14:32:07.521  INFO 95089 --- [  restartedMain] o.a.c.c.StandardService                  : Starting service [Tomcat]
2025-07-21 14:32:07.521  INFO 95089 --- [  restartedMain] o.a.c.c.StandardEngine                   : Starting Servlet engine: [Apache Tomcat/10.1.42]
2025-07-21 14:32:07.530  INFO 95089 --- [  restartedMain] o.a.c.c.C.[.[.[/]                        : Initializing Spring embedded WebApplicationContext
2025-07-21 14:32:07.530  INFO 95089 --- [  restartedMain] w.s.c.ServletWebServerApplicationContext : Root WebApplicationContext: initialization completed in 401 ms
2025-07-21 14:32:07.557 DEBUG 95089 --- [  restartedMain] c.h.s.i.u.j.JwtAuthenticationFilter      : Filter 'jwtAuthenticationFilter' configured for use
2025-07-21 14:32:07.557 DEBUG 95089 --- [  restartedMain] o.s.w.f.ServerHttpObservationFilter      : Filter 'webMvcObservationFilter' configured for use
2025-07-21 14:32:07.579  INFO 95089 --- [  restartedMain] o.h.j.i.u.LogHelper                      : HHH000204: Processing PersistenceUnitInfo [name: default]
2025-07-21 14:32:07.581  INFO 95089 --- [  restartedMain] o.h.c.i.RegionFactoryInitiator           : HHH000026: Second-level cache disabled
2025-07-21 14:32:07.586  INFO 95089 --- [  restartedMain] o.s.o.j.p.SpringPersistenceUnitInfo      : No LoadTimeWeaver setup: ignoring JPA class transformer
2025-07-21 14:32:07.586  INFO 95089 --- [  restartedMain] c.z.h.HikariDataSource                   : HikariPool-10 - Starting...
2025-07-21 14:32:07.629  INFO 95089 --- [  restartedMain] c.z.h.p.HikariPool                       : HikariPool-10 - Added connection com.mysql.cj.jdbc.ConnectionImpl@29718856
2025-07-21 14:32:07.629  INFO 95089 --- [  restartedMain] c.z.h.HikariDataSource                   : HikariPool-10 - Start completed.
2025-07-21 14:32:07.631  WARN 95089 --- [  restartedMain] o.h.o.deprecation                        : HHH90000025: MySQLDialect does not need to be specified explicitly using 'hibernate.dialect' (remove the property setting and it will be selected by default)
2025-07-21 14:32:07.631  INFO 95089 --- [  restartedMain] o.h.o.c.pooling                          : HHH10001005: Database info:
	Database JDBC URL [Connecting through datasource 'HikariDataSource (HikariPool-10)']
	Database driver: undefined/unknown
	Database version: 8.0.42
	Autocommit mode: undefined/unknown
	Isolation level: undefined/unknown
	Minimum pool size: undefined/unknown
	Maximum pool size: undefined/unknown
2025-07-21 14:32:07.656  INFO 95089 --- [  restartedMain] o.h.e.t.j.p.i.JtaPlatformInitiator       : HHH000489: No JTA platform available (set 'hibernate.transaction.jta.platform' to enable JTA platform integration)
2025-07-21 14:32:07.695  INFO 95089 --- [  restartedMain] j.LocalContainerEntityManagerFactoryBean : Initialized JPA EntityManagerFactory for persistence unit 'default'
2025-07-21 14:32:07.769  INFO 95089 --- [  restartedMain] o.r.Version                              : Redisson 3.24.3
2025-07-21 14:32:07.775  INFO 95089 --- [sson-netty-29-7] o.r.c.p.MasterPubSubConnectionPool       : 1 connections initialized for localhost/127.0.0.1:6379
2025-07-21 14:32:07.804  INFO 95089 --- [son-netty-29-24] o.r.c.p.MasterConnectionPool             : 10 connections initialized for localhost/127.0.0.1:6379
2025-07-21 14:32:07.893  WARN 95089 --- [  restartedMain] JpaBaseConfiguration$JpaWebConfiguration : spring.jpa.open-in-view is enabled by default. Therefore, database queries may be performed during view rendering. Explicitly configure spring.jpa.open-in-view to disable this warning
2025-07-21 14:32:07.908 DEBUG 95089 --- [  restartedMain] s.w.s.m.m.a.RequestMappingHandlerMapping : 17 mappings in 'requestMappingHandlerMapping'
2025-07-21 14:32:07.926 DEBUG 95089 --- [  restartedMain] o.s.w.s.h.SimpleUrlHandlerMapping        : Patterns [/webjars/**, /**, /swagger-ui*/*swagger-initializer.js, /swagger-ui*/**] in 'resourceHandlerMapping'
2025-07-21 14:32:07.968  INFO 95089 --- [  restartedMain] o.s.b.a.e.w.EndpointLinksResolver        : Exposing 1 endpoint beneath base path '/actuator'
2025-07-21 14:32:07.978 DEBUG 95089 --- [  restartedMain] swordEncoderAuthenticationManagerBuilder : No authenticationProviders and no parentAuthenticationManager defined. Returning null.
2025-07-21 14:32:07.994 DEBUG 95089 --- [  restartedMain] o.s.s.w.DefaultSecurityFilterChain       : Will secure any request with filters: DisableEncodeUrlFilter, WebAsyncManagerIntegrationFilter, SecurityContextHolderFilter, HeaderWriterFilter, CorsFilter, LogoutFilter, JwtAuthenticationFilter, RequestCacheAwareFilter, SecurityContextHolderAwareRequestFilter, AnonymousAuthenticationFilter, SessionManagementFilter, ExceptionTranslationFilter, AuthorizationFilter
2025-07-21 14:32:08.007 DEBUG 95089 --- [  restartedMain] s.w.s.m.m.a.RequestMappingHandlerAdapter : ControllerAdvice beans: 0 @ModelAttribute, 0 @InitBinder, 1 RequestBodyAdvice, 1 ResponseBodyAdvice
2025-07-21 14:32:08.013 DEBUG 95089 --- [  restartedMain] .m.m.a.ExceptionHandlerExceptionResolver : ControllerAdvice beans: 1 @ExceptionHandler, 1 ResponseBodyAdvice
2025-07-21 14:32:08.075  INFO 95089 --- [  restartedMain] o.s.b.d.a.OptionalLiveReloadServer       : LiveReload server is running on port 35729
2025-07-21 14:32:08.122  INFO 95089 --- [  restartedMain] o.a.c.h.Http11NioProtocol                : Starting ProtocolHandler ["http-nio-8080"]
2025-07-21 14:32:08.123  INFO 95089 --- [  restartedMain] o.s.b.w.e.t.TomcatWebServer              : Tomcat started on port 8080 (http) with context path '/'
2025-07-21 14:32:08.129  INFO 95089 --- [  restartedMain] c.h.s.ShopApplicationKt                  : Started ShopApplicationKt in 1.03 seconds (process running for 52272.725)
2025-07-21 14:32:08.131  INFO 95089 --- [  restartedMain] .ConditionEvaluationDeltaLoggingListener : Condition evaluation unchanged
2025-07-21 14:59:17.367  INFO 95089 --- [nio-8080-exec-1] o.a.c.c.C.[.[.[/]                        : Initializing Spring DispatcherServlet 'dispatcherServlet'
2025-07-21 14:59:17.372  INFO 95089 --- [nio-8080-exec-1] o.s.w.s.DispatcherServlet                : Initializing Servlet 'dispatcherServlet'
2025-07-21 14:59:17.375 DEBUG 95089 --- [nio-8080-exec-1] o.s.w.s.DispatcherServlet                : Detected StandardServletMultipartResolver
2025-07-21 14:59:17.375 DEBUG 95089 --- [nio-8080-exec-1] o.s.w.s.DispatcherServlet                : Detected AcceptHeaderLocaleResolver
2025-07-21 14:59:17.375 DEBUG 95089 --- [nio-8080-exec-1] o.s.w.s.DispatcherServlet                : Detected FixedThemeResolver
2025-07-21 14:59:17.412 DEBUG 95089 --- [nio-8080-exec-1] o.s.w.s.DispatcherServlet                : Detected org.springframework.web.servlet.view.DefaultRequestToViewNameTranslator@1f165b5f
2025-07-21 14:59:17.413 DEBUG 95089 --- [nio-8080-exec-1] o.s.w.s.DispatcherServlet                : Detected org.springframework.web.servlet.support.SessionFlashMapManager@604d0b91
2025-07-21 14:59:17.413 DEBUG 95089 --- [nio-8080-exec-1] o.s.w.s.DispatcherServlet                : enableLoggingRequestDetails='false': request parameters and headers will be masked to prevent unsafe logging of potentially sensitive data
2025-07-21 14:59:17.413  INFO 95089 --- [nio-8080-exec-1] o.s.w.s.DispatcherServlet                : Completed initialization in 40 ms
2025-07-21 14:59:17.442 DEBUG 95089 --- [nio-8080-exec-1] o.s.s.w.FilterChainProxy                 : Securing OPTIONS /api/filter/data
2025-07-21 14:59:17.484 DEBUG 95089 --- [nio-8080-exec-2] o.s.s.w.FilterChainProxy                 : Securing POST /api/filter/data
2025-07-21 14:59:17.496 DEBUG 95089 --- [nio-8080-exec-2] o.s.s.w.a.AnonymousAuthenticationFilter  : Set SecurityContextHolder to anonymous SecurityContext
2025-07-21 14:59:17.505 DEBUG 95089 --- [nio-8080-exec-2] o.s.s.w.a.Http403ForbiddenEntryPoint     : Pre-authenticated entry point called. Rejecting access
2025-07-21 14:59:17.507 DEBUG 95089 --- [nio-8080-exec-2] o.s.s.w.FilterChainProxy                 : Securing POST /error
2025-07-21 14:59:17.508 DEBUG 95089 --- [nio-8080-exec-2] o.s.s.w.a.AnonymousAuthenticationFilter  : Set SecurityContextHolder to anonymous SecurityContext
2025-07-21 14:59:17.508 DEBUG 95089 --- [nio-8080-exec-2] o.s.s.w.a.Http403ForbiddenEntryPoint     : Pre-authenticated entry point called. Rejecting access
